2023-03-09T17:06:42.555+05:30  INFO 6042 --- [main] c.e.C.CricketApplication                 : Starting CricketApplication using Java 19.0.2 with PID 6042 (/Users/mmuthusamy/Downloads/CricketApplication/build/classes/java/main started by mmuthusamy in /Users/mmuthusamy/Downloads/CricketApplication)
2023-03-09T17:06:42.561+05:30  INFO 6042 --- [main] c.e.C.CricketApplication                 : No active profile set, falling back to 1 default profile: "default"
2023-03-09T17:06:42.971+05:30  INFO 6042 --- [main] .s.d.r.c.RepositoryConfigurationDelegate : Bootstrapping Spring Data MongoDB repositories in DEFAULT mode.
2023-03-09T17:06:43.009+05:30  INFO 6042 --- [main] .s.d.r.c.RepositoryConfigurationDelegate : Finished Spring Data repository scanning in 35 ms. Found 5 MongoDB repository interfaces.
2023-03-09T17:06:43.230+05:30  INFO 6042 --- [main] o.s.b.w.embedded.tomcat.TomcatWebServer  : Tomcat initialized with port(s): 8080 (http)
2023-03-09T17:06:43.236+05:30  INFO 6042 --- [main] o.apache.catalina.core.StandardService   : Starting service [Tomcat]
2023-03-09T17:06:43.236+05:30  INFO 6042 --- [main] o.apache.catalina.core.StandardEngine    : Starting Servlet engine: [Apache Tomcat/10.1.5]
2023-03-09T17:06:43.279+05:30  INFO 6042 --- [main] o.a.c.c.C.[Tomcat].[localhost].[/]       : Initializing Spring embedded WebApplicationContext
2023-03-09T17:06:43.279+05:30  INFO 6042 --- [main] w.s.c.ServletWebServerApplicationContext : Root WebApplicationContext: initialization completed in 696 ms
2023-03-09T17:06:43.356+05:30 DEBUG 6042 --- [main] o.s.w.f.ServerHttpObservationFilter      : Filter 'serverHttpObservationFilter' configured for use
2023-03-09T17:06:43.440+05:30  INFO 6042 --- [main] org.mongodb.driver.client                : MongoClient with metadata {"driver": {"name": "mongo-java-driver|sync|spring-boot", "version": "4.8.2"}, "os": {"type": "Darwin", "name": "Mac OS X", "architecture": "aarch64", "version": "12.3"}, "platform": "Java/Oracle Corporation/19.0.2+7-44"} created with settings MongoClientSettings{readPreference=primary, writeConcern=WriteConcern{w=null, wTimeout=null ms, journal=null}, retryWrites=true, retryReads=true, readConcern=ReadConcern{level=null}, credential=null, streamFactoryFactory=null, commandListeners=[io.micrometer.core.instrument.binder.mongodb.MongoMetricsCommandListener@ee8e7ff], codecRegistry=ProvidersCodecRegistry{codecProviders=[ValueCodecProvider{}, BsonValueCodecProvider{}, DBRefCodecProvider{}, DBObjectCodecProvider{}, DocumentCodecProvider{}, CollectionCodecProvider{}, IterableCodecProvider{}, MapCodecProvider{}, GeoJsonCodecProvider{}, GridFSFileCodecProvider{}, Jsr310CodecProvider{}, JsonObjectCodecProvider{}, BsonCodecProvider{}, EnumCodecProvider{}, com.mongodb.Jep395RecordCodecProvider@61a2aeb7]}, clusterSettings={hosts=[localhost:27017], srvServiceName=mongodb, mode=SINGLE, requiredClusterType=UNKNOWN, requiredReplicaSetName='null', serverSelector='null', clusterListeners='[]', serverSelectionTimeout='30000 ms', localThreshold='30000 ms'}, socketSettings=SocketSettings{connectTimeoutMS=10000, readTimeoutMS=0, receiveBufferSize=0, sendBufferSize=0}, heartbeatSocketSettings=SocketSettings{connectTimeoutMS=10000, readTimeoutMS=10000, receiveBufferSize=0, sendBufferSize=0}, connectionPoolSettings=ConnectionPoolSettings{maxSize=100, minSize=0, maxWaitTimeMS=120000, maxConnectionLifeTimeMS=0, maxConnectionIdleTimeMS=0, maintenanceInitialDelayMS=0, maintenanceFrequencyMS=60000, connectionPoolListeners=[io.micrometer.core.instrument.binder.mongodb.MongoMetricsConnectionPoolListener@64b70f41], maxConnecting=2}, serverSettings=ServerSettings{heartbeatFrequencyMS=10000, minHeartbeatFrequencyMS=500, serverListeners='[]', serverMonitorListeners='[]'}, sslSettings=SslSettings{enabled=false, invalidHostNameAllowed=false, context=null}, applicationName='null', compressorList=[], uuidRepresentation=JAVA_LEGACY, serverApi=null, autoEncryptionSettings=null, contextProvider=null}
2023-03-09T17:06:43.524+05:30  INFO 6042 --- [cluster-ClusterId{value='6409c4cb2b3d9c4c1e200c7b', description='null'}-localhost:27017] org.mongodb.driver.cluster               : Monitor thread successfully connected to server with description ServerDescription{address=localhost:27017, type=STANDALONE, state=CONNECTED, ok=true, minWireVersion=0, maxWireVersion=13, maxDocumentSize=16777216, logicalSessionTimeoutMinutes=30, roundTripTimeNanos=77540625}
2023-03-09T17:06:43.701+05:30 DEBUG 6042 --- [main] s.w.s.m.m.a.RequestMappingHandlerAdapter : ControllerAdvice beans: 0 @ModelAttribute, 0 @InitBinder, 1 RequestBodyAdvice, 1 ResponseBodyAdvice
2023-03-09T17:06:43.739+05:30 DEBUG 6042 --- [main] s.w.s.m.m.a.RequestMappingHandlerMapping : 18 mappings in 'requestMappingHandlerMapping'
2023-03-09T17:06:43.747+05:30 DEBUG 6042 --- [main] o.s.w.s.handler.SimpleUrlHandlerMapping  : Patterns [/webjars/**, /**] in 'resourceHandlerMapping'
2023-03-09T17:06:43.752+05:30 DEBUG 6042 --- [main] .m.m.a.ExceptionHandlerExceptionResolver : ControllerAdvice beans: 1 @ExceptionHandler, 1 ResponseBodyAdvice
2023-03-09T17:06:43.824+05:30  INFO 6042 --- [main] o.s.b.a.e.web.EndpointLinksResolver      : Exposing 3 endpoint(s) beneath base path '/actuator'
2023-03-09T17:06:43.854+05:30  INFO 6042 --- [main] o.s.b.w.embedded.tomcat.TomcatWebServer  : Tomcat started on port(s): 8080 (http) with context path ''
2023-03-09T17:06:43.865+05:30  INFO 6042 --- [main] c.e.C.CricketApplication                 : Started CricketApplication in 1.527 seconds (process running for 1.709)
2023-03-09T17:06:57.564+05:30  INFO 6042 --- [http-nio-8080-exec-2] o.a.c.c.C.[Tomcat].[localhost].[/]       : Initializing Spring DispatcherServlet 'dispatcherServlet'
2023-03-09T17:06:57.564+05:30  INFO 6042 --- [http-nio-8080-exec-2] o.s.web.servlet.DispatcherServlet        : Initializing Servlet 'dispatcherServlet'
2023-03-09T17:06:57.565+05:30 DEBUG 6042 --- [http-nio-8080-exec-2] o.s.web.servlet.DispatcherServlet        : Detected StandardServletMultipartResolver
2023-03-09T17:06:57.565+05:30 DEBUG 6042 --- [http-nio-8080-exec-2] o.s.web.servlet.DispatcherServlet        : Detected AcceptHeaderLocaleResolver
2023-03-09T17:06:57.565+05:30 DEBUG 6042 --- [http-nio-8080-exec-2] o.s.web.servlet.DispatcherServlet        : Detected FixedThemeResolver
2023-03-09T17:06:57.566+05:30 DEBUG 6042 --- [http-nio-8080-exec-2] o.s.web.servlet.DispatcherServlet        : Detected org.springframework.web.servlet.view.DefaultRequestToViewNameTranslator@4bda52ba
2023-03-09T17:06:57.566+05:30 DEBUG 6042 --- [http-nio-8080-exec-2] o.s.web.servlet.DispatcherServlet        : Detected org.springframework.web.servlet.support.SessionFlashMapManager@3509146a
2023-03-09T17:06:57.566+05:30 DEBUG 6042 --- [http-nio-8080-exec-2] o.s.web.servlet.DispatcherServlet        : enableLoggingRequestDetails='false': request parameters and headers will be masked to prevent unsafe logging of potentially sensitive data
2023-03-09T17:06:57.566+05:30  INFO 6042 --- [http-nio-8080-exec-2] o.s.web.servlet.DispatcherServlet        : Completed initialization in 1 ms
2023-03-09T17:06:57.579+05:30 DEBUG 6042 --- [http-nio-8080-exec-2] o.s.web.servlet.DispatcherServlet        : GET "/cricketGame/player/getPlayerById?id=10", parameters={masked}
2023-03-09T17:06:57.584+05:30 DEBUG 6042 --- [http-nio-8080-exec-2] s.w.s.m.m.a.RequestMappingHandlerMapping : Mapped to com.example.CricketApplication.CricketGameSimulator.controller.PlayerController#getPlayerById(Long)
2023-03-09T17:06:57.693+05:30 DEBUG 6042 --- [http-nio-8080-exec-2] o.s.w.s.m.m.a.HttpEntityMethodProcessor  : Using 'application/json', given [*/*] and supported [application/json, application/*+json]
2023-03-09T17:06:57.695+05:30 DEBUG 6042 --- [http-nio-8080-exec-2] o.s.w.s.m.m.a.HttpEntityMethodProcessor  : Writing [Player(id=10, name=Era Rosenbaum, score=0, wicketsTaken=0, baseAbility=Bowler, teamName=Royal Challe (truncated)...]
2023-03-09T17:06:57.702+05:30 DEBUG 6042 --- [http-nio-8080-exec-2] o.s.web.servlet.DispatcherServlet        : Completed 200 OK
2023-03-09T17:07:03.345+05:30 DEBUG 6042 --- [http-nio-8080-exec-3] o.s.web.servlet.DispatcherServlet        : GET "/cricketGame/player/getPlayerById?id=99", parameters={masked}
2023-03-09T17:07:03.345+05:30 DEBUG 6042 --- [http-nio-8080-exec-3] s.w.s.m.m.a.RequestMappingHandlerMapping : Mapped to com.example.CricketApplication.CricketGameSimulator.controller.PlayerController#getPlayerById(Long)
2023-03-09T17:07:03.351+05:30 DEBUG 6042 --- [http-nio-8080-exec-3] .m.m.a.ExceptionHandlerExceptionResolver : Using @ExceptionHandler com.example.CricketApplication.CricketGameSimulator.exceptionHandler.ApiExceptionHandler#notFoundException(NotFoundException)
2023-03-09T17:07:03.355+05:30 DEBUG 6042 --- [http-nio-8080-exec-3] o.s.w.s.m.m.a.HttpEntityMethodProcessor  : Using 'application/json', given [*/*] and supported [application/json, application/*+json]
2023-03-09T17:07:03.356+05:30 DEBUG 6042 --- [http-nio-8080-exec-3] o.s.w.s.m.m.a.HttpEntityMethodProcessor  : Writing [ApiException(message=Player with the given id does not exist, throwable=com.example.CricketApplicati (truncated)...]
2023-03-09T17:07:03.363+05:30 DEBUG 6042 --- [http-nio-8080-exec-3] .m.m.a.ExceptionHandlerExceptionResolver : Resolved [com.example.CricketApplication.CricketGameSimulator.exceptionHandler.NotFoundException: Player with the given id does not exist]
2023-03-09T17:07:03.363+05:30 DEBUG 6042 --- [http-nio-8080-exec-3] o.s.web.servlet.DispatcherServlet        : Completed 404 NOT_FOUND
2023-03-09T17:19:10.968+05:30  INFO 6235 --- [main] c.e.C.CricketApplication                 : Starting CricketApplication using Java 19.0.2 with PID 6235 (/Users/mmuthusamy/Downloads/CricketApplication/build/classes/java/main started by mmuthusamy in /Users/mmuthusamy/Downloads/CricketApplication)
2023-03-09T17:19:10.969+05:30  INFO 6235 --- [main] c.e.C.CricketApplication                 : No active profile set, falling back to 1 default profile: "default"
2023-03-09T17:19:11.435+05:30  INFO 6235 --- [main] .s.d.r.c.RepositoryConfigurationDelegate : Bootstrapping Spring Data MongoDB repositories in DEFAULT mode.
2023-03-09T17:19:11.478+05:30  INFO 6235 --- [main] .s.d.r.c.RepositoryConfigurationDelegate : Finished Spring Data repository scanning in 40 ms. Found 5 MongoDB repository interfaces.
2023-03-09T17:19:11.712+05:30  INFO 6235 --- [main] o.s.b.w.embedded.tomcat.TomcatWebServer  : Tomcat initialized with port(s): 8080 (http)
2023-03-09T17:19:11.717+05:30  INFO 6235 --- [main] o.apache.catalina.core.StandardService   : Starting service [Tomcat]
2023-03-09T17:19:11.717+05:30  INFO 6235 --- [main] o.apache.catalina.core.StandardEngine    : Starting Servlet engine: [Apache Tomcat/10.1.5]
2023-03-09T17:19:11.765+05:30  INFO 6235 --- [main] o.a.c.c.C.[Tomcat].[localhost].[/]       : Initializing Spring embedded WebApplicationContext
2023-03-09T17:19:11.765+05:30  INFO 6235 --- [main] w.s.c.ServletWebServerApplicationContext : Root WebApplicationContext: initialization completed in 771 ms
2023-03-09T17:19:11.842+05:30 DEBUG 6235 --- [main] o.s.w.f.ServerHttpObservationFilter      : Filter 'serverHttpObservationFilter' configured for use
2023-03-09T17:19:11.923+05:30  INFO 6235 --- [main] org.mongodb.driver.client                : MongoClient with metadata {"driver": {"name": "mongo-java-driver|sync|spring-boot", "version": "4.8.2"}, "os": {"type": "Darwin", "name": "Mac OS X", "architecture": "aarch64", "version": "12.3"}, "platform": "Java/Oracle Corporation/19.0.2+7-44"} created with settings MongoClientSettings{readPreference=primary, writeConcern=WriteConcern{w=null, wTimeout=null ms, journal=null}, retryWrites=true, retryReads=true, readConcern=ReadConcern{level=null}, credential=null, streamFactoryFactory=null, commandListeners=[io.micrometer.core.instrument.binder.mongodb.MongoMetricsCommandListener@2a47597], codecRegistry=ProvidersCodecRegistry{codecProviders=[ValueCodecProvider{}, BsonValueCodecProvider{}, DBRefCodecProvider{}, DBObjectCodecProvider{}, DocumentCodecProvider{}, CollectionCodecProvider{}, IterableCodecProvider{}, MapCodecProvider{}, GeoJsonCodecProvider{}, GridFSFileCodecProvider{}, Jsr310CodecProvider{}, JsonObjectCodecProvider{}, BsonCodecProvider{}, EnumCodecProvider{}, com.mongodb.Jep395RecordCodecProvider@12f279b5]}, clusterSettings={hosts=[localhost:27017], srvServiceName=mongodb, mode=SINGLE, requiredClusterType=UNKNOWN, requiredReplicaSetName='null', serverSelector='null', clusterListeners='[]', serverSelectionTimeout='30000 ms', localThreshold='30000 ms'}, socketSettings=SocketSettings{connectTimeoutMS=10000, readTimeoutMS=0, receiveBufferSize=0, sendBufferSize=0}, heartbeatSocketSettings=SocketSettings{connectTimeoutMS=10000, readTimeoutMS=10000, receiveBufferSize=0, sendBufferSize=0}, connectionPoolSettings=ConnectionPoolSettings{maxSize=100, minSize=0, maxWaitTimeMS=120000, maxConnectionLifeTimeMS=0, maxConnectionIdleTimeMS=0, maintenanceInitialDelayMS=0, maintenanceFrequencyMS=60000, connectionPoolListeners=[io.micrometer.core.instrument.binder.mongodb.MongoMetricsConnectionPoolListener@5ff6dd3c], maxConnecting=2}, serverSettings=ServerSettings{heartbeatFrequencyMS=10000, minHeartbeatFrequencyMS=500, serverListeners='[]', serverMonitorListeners='[]'}, sslSettings=SslSettings{enabled=false, invalidHostNameAllowed=false, context=null}, applicationName='null', compressorList=[], uuidRepresentation=JAVA_LEGACY, serverApi=null, autoEncryptionSettings=null, contextProvider=null}
2023-03-09T17:19:11.944+05:30  INFO 6235 --- [cluster-ClusterId{value='6409c7b7436b9a500171c3b9', description='null'}-localhost:27017] org.mongodb.driver.cluster               : Monitor thread successfully connected to server with description ServerDescription{address=localhost:27017, type=STANDALONE, state=CONNECTED, ok=true, minWireVersion=0, maxWireVersion=13, maxDocumentSize=16777216, logicalSessionTimeoutMinutes=30, roundTripTimeNanos=12752458}
2023-03-09T17:19:12.182+05:30 DEBUG 6235 --- [main] s.w.s.m.m.a.RequestMappingHandlerAdapter : ControllerAdvice beans: 0 @ModelAttribute, 0 @InitBinder, 1 RequestBodyAdvice, 1 ResponseBodyAdvice
2023-03-09T17:19:12.219+05:30 DEBUG 6235 --- [main] s.w.s.m.m.a.RequestMappingHandlerMapping : 18 mappings in 'requestMappingHandlerMapping'
2023-03-09T17:19:12.227+05:30 DEBUG 6235 --- [main] o.s.w.s.handler.SimpleUrlHandlerMapping  : Patterns [/webjars/**, /**] in 'resourceHandlerMapping'
2023-03-09T17:19:12.232+05:30 DEBUG 6235 --- [main] .m.m.a.ExceptionHandlerExceptionResolver : ControllerAdvice beans: 1 @ExceptionHandler, 1 ResponseBodyAdvice
2023-03-09T17:19:12.300+05:30  INFO 6235 --- [main] o.s.b.a.e.web.EndpointLinksResolver      : Exposing 3 endpoint(s) beneath base path '/actuator'
2023-03-09T17:19:12.327+05:30  INFO 6235 --- [main] o.s.b.w.embedded.tomcat.TomcatWebServer  : Tomcat started on port(s): 8080 (http) with context path ''
2023-03-09T17:19:12.339+05:30  INFO 6235 --- [main] c.e.C.CricketApplication                 : Started CricketApplication in 1.606 seconds (process running for 1.815)
2023-03-09T17:20:37.959+05:30  INFO 6275 --- [main] c.e.C.CricketApplication                 : Starting CricketApplication using Java 19.0.2 with PID 6275 (/Users/mmuthusamy/Downloads/CricketApplication/build/classes/java/main started by mmuthusamy in /Users/mmuthusamy/Downloads/CricketApplication)
2023-03-09T17:20:37.960+05:30  INFO 6275 --- [main] c.e.C.CricketApplication                 : No active profile set, falling back to 1 default profile: "default"
2023-03-09T17:20:38.377+05:30  INFO 6275 --- [main] .s.d.r.c.RepositoryConfigurationDelegate : Bootstrapping Spring Data MongoDB repositories in DEFAULT mode.
2023-03-09T17:20:38.417+05:30  INFO 6275 --- [main] .s.d.r.c.RepositoryConfigurationDelegate : Finished Spring Data repository scanning in 38 ms. Found 5 MongoDB repository interfaces.
2023-03-09T17:20:38.657+05:30  INFO 6275 --- [main] o.s.b.w.embedded.tomcat.TomcatWebServer  : Tomcat initialized with port(s): 8080 (http)
2023-03-09T17:20:38.664+05:30  INFO 6275 --- [main] o.apache.catalina.core.StandardService   : Starting service [Tomcat]
2023-03-09T17:20:38.665+05:30  INFO 6275 --- [main] o.apache.catalina.core.StandardEngine    : Starting Servlet engine: [Apache Tomcat/10.1.5]
2023-03-09T17:20:38.708+05:30  INFO 6275 --- [main] o.a.c.c.C.[Tomcat].[localhost].[/]       : Initializing Spring embedded WebApplicationContext
2023-03-09T17:20:38.724+05:30  INFO 6275 --- [main] w.s.c.ServletWebServerApplicationContext : Root WebApplicationContext: initialization completed in 741 ms
2023-03-09T17:20:38.804+05:30 DEBUG 6275 --- [main] o.s.w.f.ServerHttpObservationFilter      : Filter 'serverHttpObservationFilter' configured for use
2023-03-09T17:20:38.882+05:30  INFO 6275 --- [main] org.mongodb.driver.client                : MongoClient with metadata {"driver": {"name": "mongo-java-driver|sync|spring-boot", "version": "4.8.2"}, "os": {"type": "Darwin", "name": "Mac OS X", "architecture": "aarch64", "version": "12.3"}, "platform": "Java/Oracle Corporation/19.0.2+7-44"} created with settings MongoClientSettings{readPreference=primary, writeConcern=WriteConcern{w=null, wTimeout=null ms, journal=null}, retryWrites=true, retryReads=true, readConcern=ReadConcern{level=null}, credential=null, streamFactoryFactory=null, commandListeners=[io.micrometer.core.instrument.binder.mongodb.MongoMetricsCommandListener@4dfe8b37], codecRegistry=ProvidersCodecRegistry{codecProviders=[ValueCodecProvider{}, BsonValueCodecProvider{}, DBRefCodecProvider{}, DBObjectCodecProvider{}, DocumentCodecProvider{}, CollectionCodecProvider{}, IterableCodecProvider{}, MapCodecProvider{}, GeoJsonCodecProvider{}, GridFSFileCodecProvider{}, Jsr310CodecProvider{}, JsonObjectCodecProvider{}, BsonCodecProvider{}, EnumCodecProvider{}, com.mongodb.Jep395RecordCodecProvider@11dcd42c]}, clusterSettings={hosts=[localhost:27017], srvServiceName=mongodb, mode=SINGLE, requiredClusterType=UNKNOWN, requiredReplicaSetName='null', serverSelector='null', clusterListeners='[]', serverSelectionTimeout='30000 ms', localThreshold='30000 ms'}, socketSettings=SocketSettings{connectTimeoutMS=10000, readTimeoutMS=0, receiveBufferSize=0, sendBufferSize=0}, heartbeatSocketSettings=SocketSettings{connectTimeoutMS=10000, readTimeoutMS=10000, receiveBufferSize=0, sendBufferSize=0}, connectionPoolSettings=ConnectionPoolSettings{maxSize=100, minSize=0, maxWaitTimeMS=120000, maxConnectionLifeTimeMS=0, maxConnectionIdleTimeMS=0, maintenanceInitialDelayMS=0, maintenanceFrequencyMS=60000, connectionPoolListeners=[io.micrometer.core.instrument.binder.mongodb.MongoMetricsConnectionPoolListener@d13baac], maxConnecting=2}, serverSettings=ServerSettings{heartbeatFrequencyMS=10000, minHeartbeatFrequencyMS=500, serverListeners='[]', serverMonitorListeners='[]'}, sslSettings=SslSettings{enabled=false, invalidHostNameAllowed=false, context=null}, applicationName='null', compressorList=[], uuidRepresentation=JAVA_LEGACY, serverApi=null, autoEncryptionSettings=null, contextProvider=null}
2023-03-09T17:20:38.902+05:30  INFO 6275 --- [cluster-ClusterId{value='6409c80ec6502618434f0d42', description='null'}-localhost:27017] org.mongodb.driver.cluster               : Monitor thread successfully connected to server with description ServerDescription{address=localhost:27017, type=STANDALONE, state=CONNECTED, ok=true, minWireVersion=0, maxWireVersion=13, maxDocumentSize=16777216, logicalSessionTimeoutMinutes=30, roundTripTimeNanos=11976333}
2023-03-09T17:20:39.132+05:30 DEBUG 6275 --- [main] s.w.s.m.m.a.RequestMappingHandlerAdapter : ControllerAdvice beans: 0 @ModelAttribute, 0 @InitBinder, 1 RequestBodyAdvice, 1 ResponseBodyAdvice
2023-03-09T17:20:39.165+05:30 DEBUG 6275 --- [main] s.w.s.m.m.a.RequestMappingHandlerMapping : 18 mappings in 'requestMappingHandlerMapping'
2023-03-09T17:20:39.172+05:30 DEBUG 6275 --- [main] o.s.w.s.handler.SimpleUrlHandlerMapping  : Patterns [/webjars/**, /**] in 'resourceHandlerMapping'
2023-03-09T17:20:39.177+05:30 DEBUG 6275 --- [main] .m.m.a.ExceptionHandlerExceptionResolver : ControllerAdvice beans: 1 @ExceptionHandler, 1 ResponseBodyAdvice
2023-03-09T17:20:39.243+05:30  INFO 6275 --- [main] o.s.b.a.e.web.EndpointLinksResolver      : Exposing 3 endpoint(s) beneath base path '/actuator'
2023-03-09T17:20:39.271+05:30  INFO 6275 --- [main] o.s.b.w.embedded.tomcat.TomcatWebServer  : Tomcat started on port(s): 8080 (http) with context path ''
2023-03-09T17:20:39.282+05:30  INFO 6275 --- [main] c.e.C.CricketApplication                 : Started CricketApplication in 1.529 seconds (process running for 1.698)
2023-03-09T17:20:52.866+05:30  INFO 6275 --- [http-nio-8080-exec-2] o.a.c.c.C.[Tomcat].[localhost].[/]       : Initializing Spring DispatcherServlet 'dispatcherServlet'
2023-03-09T17:20:52.866+05:30  INFO 6275 --- [http-nio-8080-exec-2] o.s.web.servlet.DispatcherServlet        : Initializing Servlet 'dispatcherServlet'
2023-03-09T17:20:52.866+05:30 DEBUG 6275 --- [http-nio-8080-exec-2] o.s.web.servlet.DispatcherServlet        : Detected StandardServletMultipartResolver
2023-03-09T17:20:52.866+05:30 DEBUG 6275 --- [http-nio-8080-exec-2] o.s.web.servlet.DispatcherServlet        : Detected AcceptHeaderLocaleResolver
2023-03-09T17:20:52.866+05:30 DEBUG 6275 --- [http-nio-8080-exec-2] o.s.web.servlet.DispatcherServlet        : Detected FixedThemeResolver
2023-03-09T17:20:52.867+05:30 DEBUG 6275 --- [http-nio-8080-exec-2] o.s.web.servlet.DispatcherServlet        : Detected org.springframework.web.servlet.view.DefaultRequestToViewNameTranslator@2d1dd5d3
2023-03-09T17:20:52.867+05:30 DEBUG 6275 --- [http-nio-8080-exec-2] o.s.web.servlet.DispatcherServlet        : Detected org.springframework.web.servlet.support.SessionFlashMapManager@48069ef7
2023-03-09T17:20:52.868+05:30 DEBUG 6275 --- [http-nio-8080-exec-2] o.s.web.servlet.DispatcherServlet        : enableLoggingRequestDetails='false': request parameters and headers will be masked to prevent unsafe logging of potentially sensitive data
2023-03-09T17:20:52.868+05:30  INFO 6275 --- [http-nio-8080-exec-2] o.s.web.servlet.DispatcherServlet        : Completed initialization in 2 ms
2023-03-09T17:20:52.878+05:30 DEBUG 6275 --- [http-nio-8080-exec-2] o.s.web.servlet.DispatcherServlet        : POST "/cricketGame/createTeam?teamName=India", parameters={masked}
2023-03-09T17:20:52.881+05:30 DEBUG 6275 --- [http-nio-8080-exec-2] s.w.s.m.m.a.RequestMappingHandlerMapping : Mapped to com.example.CricketApplication.CricketGameSimulator.controller.TeamController#createTeam(String)
2023-03-09T17:20:53.416+05:30 DEBUG 6275 --- [http-nio-8080-exec-2] o.s.w.s.m.m.a.HttpEntityMethodProcessor  : Using 'application/json', given [*/*] and supported [application/json, application/*+json]
2023-03-09T17:20:53.419+05:30 DEBUG 6275 --- [http-nio-8080-exec-2] o.s.w.s.m.m.a.HttpEntityMethodProcessor  : Writing [Team(teamId=1, teamName=India, matchesPlayed=1, players=[Player(id=1, name=Dominique Schuppe, score= (truncated)...]
2023-03-09T17:20:53.429+05:30 DEBUG 6275 --- [http-nio-8080-exec-2] o.s.web.servlet.DispatcherServlet        : Completed 201 CREATED
2023-03-09T17:21:48.522+05:30 DEBUG 6275 --- [http-nio-8080-exec-3] o.s.web.servlet.DispatcherServlet        : POST "/cricketGame/createTeam?teamName=England", parameters={masked}
2023-03-09T17:21:48.525+05:30 DEBUG 6275 --- [http-nio-8080-exec-3] s.w.s.m.m.a.RequestMappingHandlerMapping : Mapped to com.example.CricketApplication.CricketGameSimulator.controller.TeamController#createTeam(String)
2023-03-09T17:21:48.665+05:30 DEBUG 6275 --- [http-nio-8080-exec-3] o.s.w.s.m.m.a.HttpEntityMethodProcessor  : Using 'application/json', given [*/*] and supported [application/json, application/*+json]
2023-03-09T17:21:48.665+05:30 DEBUG 6275 --- [http-nio-8080-exec-3] o.s.w.s.m.m.a.HttpEntityMethodProcessor  : Writing [Team(teamId=2, teamName=England, matchesPlayed=1, players=[Player(id=12, name=Miss Brendan Mertz, sc (truncated)...]
2023-03-09T17:21:48.666+05:30 DEBUG 6275 --- [http-nio-8080-exec-3] o.s.web.servlet.DispatcherServlet        : Completed 201 CREATED
2023-03-09T17:21:52.225+05:30 DEBUG 6275 --- [http-nio-8080-exec-4] o.s.web.servlet.DispatcherServlet        : GET "/cricketGame/getAllTeams", parameters={}
2023-03-09T17:21:52.226+05:30 DEBUG 6275 --- [http-nio-8080-exec-4] s.w.s.m.m.a.RequestMappingHandlerMapping : Mapped to com.example.CricketApplication.CricketGameSimulator.controller.TeamController#getALlTeams()
2023-03-09T17:21:52.254+05:30 DEBUG 6275 --- [http-nio-8080-exec-4] o.s.w.s.m.m.a.HttpEntityMethodProcessor  : Using 'application/json', given [*/*] and supported [application/json, application/*+json]
2023-03-09T17:21:52.254+05:30 DEBUG 6275 --- [http-nio-8080-exec-4] o.s.w.s.m.m.a.HttpEntityMethodProcessor  : Writing [[Team(teamId=1, teamName=India, matchesPlayed=1, players=[Player(id=1, name=Dominique Schuppe, score (truncated)...]
2023-03-09T17:21:52.255+05:30 DEBUG 6275 --- [http-nio-8080-exec-4] o.s.web.servlet.DispatcherServlet        : Completed 200 OK
2023-03-09T17:22:06.026+05:30 DEBUG 6275 --- [http-nio-8080-exec-5] o.s.web.servlet.DispatcherServlet        : POST "/cricketGame/match/createMatch?format=T20&id1=1&id2=2", parameters={masked}
2023-03-09T17:22:06.032+05:30 DEBUG 6275 --- [http-nio-8080-exec-5] s.w.s.m.m.a.RequestMappingHandlerMapping : Mapped to com.example.CricketApplication.CricketGameSimulator.controller.MatchController#createMatch(long, long, String)
2023-03-09T17:22:06.155+05:30 DEBUG 6275 --- [http-nio-8080-exec-5] o.s.w.s.m.m.a.HttpEntityMethodProcessor  : Using 'application/json', given [*/*] and supported [application/json, application/*+json]
2023-03-09T17:22:06.159+05:30 DEBUG 6275 --- [http-nio-8080-exec-5] o.s.w.s.m.m.a.HttpEntityMethodProcessor  : Writing [Match(matchId=1, matchFormat=T20, teamsPlayed=[Team(teamId=1, teamName=India, matchesPlayed=1, playe (truncated)...]
2023-03-09T17:22:06.163+05:30 DEBUG 6275 --- [http-nio-8080-exec-5] o.s.web.servlet.DispatcherServlet        : Completed 201 CREATED
2023-03-09T17:22:26.455+05:30 DEBUG 6275 --- [http-nio-8080-exec-6] o.s.web.servlet.DispatcherServlet        : GET "/cricketGame/startMatch?matchId=1&matchFormat=t20", parameters={masked}
2023-03-09T17:22:26.458+05:30 DEBUG 6275 --- [http-nio-8080-exec-6] s.w.s.m.m.a.RequestMappingHandlerMapping : Mapped to com.example.CricketApplication.CricketGameSimulator.controller.GameController#startMatch(long, String)
2023-03-09T17:22:27.566+05:30 DEBUG 6275 --- [http-nio-8080-exec-6] o.s.w.s.m.m.a.HttpEntityMethodProcessor  : Using 'text/plain', given [*/*] and supported [text/plain, */*, application/json, application/*+json]
2023-03-09T17:22:27.566+05:30 DEBUG 6275 --- [http-nio-8080-exec-6] o.s.w.s.m.m.a.HttpEntityMethodProcessor  : Writing ["Match is completed"]
2023-03-09T17:22:27.567+05:30 DEBUG 6275 --- [http-nio-8080-exec-6] o.s.web.servlet.DispatcherServlet        : Completed 200 OK
2023-03-09T17:25:17.287+05:30  INFO 6320 --- [main] c.e.C.CricketApplication                 : Starting CricketApplication using Java 19.0.2 with PID 6320 (/Users/mmuthusamy/Downloads/CricketApplication/build/classes/java/main started by mmuthusamy in /Users/mmuthusamy/Downloads/CricketApplication)
2023-03-09T17:25:17.288+05:30  INFO 6320 --- [main] c.e.C.CricketApplication                 : No active profile set, falling back to 1 default profile: "default"
2023-03-09T17:25:17.734+05:30  INFO 6320 --- [main] .s.d.r.c.RepositoryConfigurationDelegate : Bootstrapping Spring Data MongoDB repositories in DEFAULT mode.
2023-03-09T17:25:17.777+05:30  INFO 6320 --- [main] .s.d.r.c.RepositoryConfigurationDelegate : Finished Spring Data repository scanning in 40 ms. Found 5 MongoDB repository interfaces.
2023-03-09T17:25:17.997+05:30  INFO 6320 --- [main] o.s.b.w.embedded.tomcat.TomcatWebServer  : Tomcat initialized with port(s): 8080 (http)
2023-03-09T17:25:18.003+05:30  INFO 6320 --- [main] o.apache.catalina.core.StandardService   : Starting service [Tomcat]
2023-03-09T17:25:18.003+05:30  INFO 6320 --- [main] o.apache.catalina.core.StandardEngine    : Starting Servlet engine: [Apache Tomcat/10.1.5]
2023-03-09T17:25:18.042+05:30  INFO 6320 --- [main] o.a.c.c.C.[Tomcat].[localhost].[/]       : Initializing Spring embedded WebApplicationContext
2023-03-09T17:25:18.042+05:30  INFO 6320 --- [main] w.s.c.ServletWebServerApplicationContext : Root WebApplicationContext: initialization completed in 728 ms
2023-03-09T17:25:18.118+05:30 DEBUG 6320 --- [main] o.s.w.f.ServerHttpObservationFilter      : Filter 'serverHttpObservationFilter' configured for use
2023-03-09T17:25:18.212+05:30  INFO 6320 --- [main] org.mongodb.driver.client                : MongoClient with metadata {"driver": {"name": "mongo-java-driver|sync|spring-boot", "version": "4.8.2"}, "os": {"type": "Darwin", "name": "Mac OS X", "architecture": "aarch64", "version": "12.3"}, "platform": "Java/Oracle Corporation/19.0.2+7-44"} created with settings MongoClientSettings{readPreference=primary, writeConcern=WriteConcern{w=null, wTimeout=null ms, journal=null}, retryWrites=true, retryReads=true, readConcern=ReadConcern{level=null}, credential=null, streamFactoryFactory=null, commandListeners=[io.micrometer.core.instrument.binder.mongodb.MongoMetricsCommandListener@576b7c74], codecRegistry=ProvidersCodecRegistry{codecProviders=[ValueCodecProvider{}, BsonValueCodecProvider{}, DBRefCodecProvider{}, DBObjectCodecProvider{}, DocumentCodecProvider{}, CollectionCodecProvider{}, IterableCodecProvider{}, MapCodecProvider{}, GeoJsonCodecProvider{}, GridFSFileCodecProvider{}, Jsr310CodecProvider{}, JsonObjectCodecProvider{}, BsonCodecProvider{}, EnumCodecProvider{}, com.mongodb.Jep395RecordCodecProvider@21de60a7]}, clusterSettings={hosts=[localhost:27017], srvServiceName=mongodb, mode=SINGLE, requiredClusterType=UNKNOWN, requiredReplicaSetName='null', serverSelector='null', clusterListeners='[]', serverSelectionTimeout='30000 ms', localThreshold='30000 ms'}, socketSettings=SocketSettings{connectTimeoutMS=10000, readTimeoutMS=0, receiveBufferSize=0, sendBufferSize=0}, heartbeatSocketSettings=SocketSettings{connectTimeoutMS=10000, readTimeoutMS=10000, receiveBufferSize=0, sendBufferSize=0}, connectionPoolSettings=ConnectionPoolSettings{maxSize=100, minSize=0, maxWaitTimeMS=120000, maxConnectionLifeTimeMS=0, maxConnectionIdleTimeMS=0, maintenanceInitialDelayMS=0, maintenanceFrequencyMS=60000, connectionPoolListeners=[io.micrometer.core.instrument.binder.mongodb.MongoMetricsConnectionPoolListener@73894c5a], maxConnecting=2}, serverSettings=ServerSettings{heartbeatFrequencyMS=10000, minHeartbeatFrequencyMS=500, serverListeners='[]', serverMonitorListeners='[]'}, sslSettings=SslSettings{enabled=false, invalidHostNameAllowed=false, context=null}, applicationName='null', compressorList=[], uuidRepresentation=JAVA_LEGACY, serverApi=null, autoEncryptionSettings=null, contextProvider=null}
2023-03-09T17:25:18.239+05:30  INFO 6320 --- [cluster-ClusterId{value='6409c926bed091677a82baa4', description='null'}-localhost:27017] org.mongodb.driver.cluster               : Monitor thread successfully connected to server with description ServerDescription{address=localhost:27017, type=STANDALONE, state=CONNECTED, ok=true, minWireVersion=0, maxWireVersion=13, maxDocumentSize=16777216, logicalSessionTimeoutMinutes=30, roundTripTimeNanos=20377333}
2023-03-09T17:25:18.467+05:30 DEBUG 6320 --- [main] s.w.s.m.m.a.RequestMappingHandlerAdapter : ControllerAdvice beans: 0 @ModelAttribute, 0 @InitBinder, 1 RequestBodyAdvice, 1 ResponseBodyAdvice
2023-03-09T17:25:18.503+05:30 DEBUG 6320 --- [main] s.w.s.m.m.a.RequestMappingHandlerMapping : 18 mappings in 'requestMappingHandlerMapping'
2023-03-09T17:25:18.511+05:30 DEBUG 6320 --- [main] o.s.w.s.handler.SimpleUrlHandlerMapping  : Patterns [/webjars/**, /**] in 'resourceHandlerMapping'
2023-03-09T17:25:18.516+05:30 DEBUG 6320 --- [main] .m.m.a.ExceptionHandlerExceptionResolver : ControllerAdvice beans: 1 @ExceptionHandler, 1 ResponseBodyAdvice
2023-03-09T17:25:18.583+05:30  INFO 6320 --- [main] o.s.b.a.e.web.EndpointLinksResolver      : Exposing 3 endpoint(s) beneath base path '/actuator'
2023-03-09T17:25:18.611+05:30  INFO 6320 --- [main] o.s.b.w.embedded.tomcat.TomcatWebServer  : Tomcat started on port(s): 8080 (http) with context path ''
2023-03-09T17:25:18.623+05:30  INFO 6320 --- [main] c.e.C.CricketApplication                 : Started CricketApplication in 1.568 seconds (process running for 1.779)
2023-03-09T17:25:23.430+05:30  INFO 6320 --- [http-nio-8080-exec-2] o.a.c.c.C.[Tomcat].[localhost].[/]       : Initializing Spring DispatcherServlet 'dispatcherServlet'
2023-03-09T17:25:23.431+05:30  INFO 6320 --- [http-nio-8080-exec-2] o.s.web.servlet.DispatcherServlet        : Initializing Servlet 'dispatcherServlet'
2023-03-09T17:25:23.431+05:30 DEBUG 6320 --- [http-nio-8080-exec-2] o.s.web.servlet.DispatcherServlet        : Detected StandardServletMultipartResolver
2023-03-09T17:25:23.431+05:30 DEBUG 6320 --- [http-nio-8080-exec-2] o.s.web.servlet.DispatcherServlet        : Detected AcceptHeaderLocaleResolver
2023-03-09T17:25:23.431+05:30 DEBUG 6320 --- [http-nio-8080-exec-2] o.s.web.servlet.DispatcherServlet        : Detected FixedThemeResolver
2023-03-09T17:25:23.432+05:30 DEBUG 6320 --- [http-nio-8080-exec-2] o.s.web.servlet.DispatcherServlet        : Detected org.springframework.web.servlet.view.DefaultRequestToViewNameTranslator@19b5b426
2023-03-09T17:25:23.432+05:30 DEBUG 6320 --- [http-nio-8080-exec-2] o.s.web.servlet.DispatcherServlet        : Detected org.springframework.web.servlet.support.SessionFlashMapManager@1688f249
2023-03-09T17:25:23.433+05:30 DEBUG 6320 --- [http-nio-8080-exec-2] o.s.web.servlet.DispatcherServlet        : enableLoggingRequestDetails='false': request parameters and headers will be masked to prevent unsafe logging of potentially sensitive data
2023-03-09T17:25:23.433+05:30  INFO 6320 --- [http-nio-8080-exec-2] o.s.web.servlet.DispatcherServlet        : Completed initialization in 2 ms
2023-03-09T17:25:23.444+05:30 DEBUG 6320 --- [http-nio-8080-exec-2] o.s.web.servlet.DispatcherServlet        : GET "/cricketGame/startMatch?matchId=1&matchFormat=t20", parameters={masked}
2023-03-09T17:25:23.450+05:30 DEBUG 6320 --- [http-nio-8080-exec-2] s.w.s.m.m.a.RequestMappingHandlerMapping : Mapped to com.example.CricketApplication.CricketGameSimulator.controller.GameController#startMatch(long, String)
2023-03-09T17:25:24.690+05:30 DEBUG 6320 --- [http-nio-8080-exec-2] o.s.w.s.m.m.a.HttpEntityMethodProcessor  : Using 'text/plain', given [*/*] and supported [text/plain, */*, application/json, application/*+json]
2023-03-09T17:25:24.691+05:30 DEBUG 6320 --- [http-nio-8080-exec-2] o.s.w.s.m.m.a.HttpEntityMethodProcessor  : Writing ["Match is completed"]
2023-03-09T17:25:24.695+05:30 DEBUG 6320 --- [http-nio-8080-exec-2] o.s.web.servlet.DispatcherServlet        : Completed 200 OK
